#
# There is insufficient memory for the Java Runtime Environment to continue.
# Native memory allocation (malloc) failed to allocate 235536 bytes for Chunk::new
# Possible reasons:
#   The system is out of physical RAM or swap space
#   The process is running with CompressedOops enabled, and the Java Heap may be blocking the growth of the native heap
# Possible solutions:
#   Reduce memory load on the system
#   Increase physical memory or swap space
#   Check if swap backing store is full
#   Decrease Java heap size (-Xmx/-Xms)
#   Decrease number of Java threads
#   Decrease Java thread stack sizes (-Xss)
#   Set larger code cache with -XX:ReservedCodeCacheSize=
#   JVM is running with Unscaled Compressed Oops mode in which the Java heap is
#     placed in the first 4GB address space. The Java Heap base address is the
#     maximum limit for the native heap growth. Please use -XX:HeapBaseMinAddress
#     to set the Java Heap base and to place the Java Heap above 4GB virtual address.
# This output file may be truncated or incomplete.
#
#  Out of Memory Error (./open/src/hotspot/share/memory/arena.cpp:197), pid=1704, tid=1152
#
# JRE version: Java(TM) SE Runtime Environment 18.9 (11.0.16+11) (build 11.0.16+11-LTS-199)
# Java VM: Java HotSpot(TM) 64-Bit Server VM 18.9 (11.0.16+11-LTS-199, mixed mode, tiered, compressed oops, g1 gc, windows-amd64)
# No core dump will be written. Minidumps are not enabled by default on client versions of Windows
#

---------------  S U M M A R Y ------------

Command Line: -javaagent:C:\Program Files\JetBrains\IntelliJ IDEA Community Edition 2022.2.1\lib\idea_rt.jar=58691:C:\Program Files\JetBrains\IntelliJ IDEA Community Edition 2022.2.1\bin -Dfile.encoding=UTF-8 com.tutorial.demo.ecommerce.EcommerceApplication

Host: Intel(R) Core(TM) i3-6006U CPU @ 2.00GHz, 4 cores, 3G,  Windows 10 , 64 bit Build 19041 (10.0.19041.1889)
Time: Thu Oct 13 16:48:04 2022 Hora oficial do Brasil elapsed time: 0.557426 seconds (0d 0h 0m 0s)

---------------  T H R E A D  ---------------

Current thread (0x000001d850300000):  JavaThread "C2 CompilerThread0" daemon [_thread_in_native, id=1152, stack(0x000000c4b6d00000,0x000000c4b6e00000)]


Current CompileTask:
C2:    557  179       4       java.util.HashMap::putVal (300 bytes)

Stack: [0x000000c4b6d00000,0x000000c4b6e00000]
Native frames: (J=compiled Java code, j=interpreted, Vv=VM code, C=native code)
V  [jvm.dll+0x62a3ea]
V  [jvm.dll+0x76418f]
V  [jvm.dll+0x765839]
V  [jvm.dll+0x765ec3]
V  [jvm.dll+0x23da98]
V  [jvm.dll+0xb2a1c]
V  [jvm.dll+0xb2fdc]
V  [jvm.dll+0x341442]
V  [jvm.dll+0x30ec83]
V  [jvm.dll+0x30dfca]
V  [jvm.dll+0x1f84a5]
V  [jvm.dll+0x1f768d]
V  [jvm.dll+0x177c81]
V  [jvm.dll+0x207006]
V  [jvm.dll+0x20519b]
V  [jvm.dll+0x729fa0]
V  [jvm.dll+0x722b74]
V  [jvm.dll+0x629286]
C  [ucrtbase.dll+0x21bb2]
C  [KERNEL32.DLL+0x17034]
C  [ntdll.dll+0x526a1]


---------------  P R O C E S S  ---------------

Threads class SMR info:
_java_thread_list=0x000001d8504a7120, length=10, elements={
0x000001d834a26800, 0x000001d850279800, 0x000001d8502a6800, 0x000001d8502f7800,
0x000001d8502f8800, 0x000001d8502fc000, 0x000001d850300000, 0x000001d850301000,
0x000001d85032c800, 0x000001d850232800
}

Java Threads: ( => current thread )
  0x000001d834a26800 JavaThread "main" [_thread_blocked, id=5700, stack(0x000000c4b6100000,0x000000c4b6200000)]
  0x000001d850279800 JavaThread "Reference Handler" daemon [_thread_blocked, id=4620, stack(0x000000c4b6800000,0x000000c4b6900000)]
  0x000001d8502a6800 JavaThread "Finalizer" daemon [_thread_blocked, id=7648, stack(0x000000c4b6900000,0x000000c4b6a00000)]
  0x000001d8502f7800 JavaThread "Signal Dispatcher" daemon [_thread_blocked, id=5504, stack(0x000000c4b6a00000,0x000000c4b6b00000)]
  0x000001d8502f8800 JavaThread "Attach Listener" daemon [_thread_blocked, id=9712, stack(0x000000c4b6b00000,0x000000c4b6c00000)]
  0x000001d8502fc000 JavaThread "Service Thread" daemon [_thread_blocked, id=11228, stack(0x000000c4b6c00000,0x000000c4b6d00000)]
=>0x000001d850300000 JavaThread "C2 CompilerThread0" daemon [_thread_in_native, id=1152, stack(0x000000c4b6d00000,0x000000c4b6e00000)]
  0x000001d850301000 JavaThread "C1 CompilerThread0" daemon [_thread_blocked, id=6500, stack(0x000000c4b6e00000,0x000000c4b6f00000)]
  0x000001d85032c800 JavaThread "Sweeper thread" daemon [_thread_blocked, id=3524, stack(0x000000c4b6f00000,0x000000c4b7000000)]
  0x000001d850232800 JavaThread "Common-Cleaner" daemon [_thread_blocked, id=5468, stack(0x000000c4b7000000,0x000000c4b7100000)]

Other Threads:
  0x000001d850278000 VMThread "VM Thread" [stack: 0x000000c4b6700000,0x000000c4b6800000] [id=12116]
  0x000001d834a3c800 GCTaskThread "GC Thread#0" [stack: 0x000000c4b6200000,0x000000c4b6300000] [id=7588]
  0x000001d8506b8000 GCTaskThread "GC Thread#1" [stack: 0x000000c4b7100000,0x000000c4b7200000] [id=5020]
  0x000001d834a57000 ConcurrentGCThread "G1 Main Marker" [stack: 0x000000c4b6300000,0x000000c4b6400000] [id=13068]
  0x000001d834a58800 ConcurrentGCThread "G1 Conc#0" [stack: 0x000000c4b6400000,0x000000c4b6500000] [id=1076]
  0x000001d834ab0800 ConcurrentGCThread "G1 Refine#0" [stack: 0x000000c4b6500000,0x000000c4b6600000] [id=824]
  0x000001d834ab1800 ConcurrentGCThread "G1 Young RemSet Sampling" [stack: 0x000000c4b6600000,0x000000c4b6700000] [id=12476]

Threads with active compile tasks:
C2 CompilerThread0      627  179       4       java.util.HashMap::putVal (300 bytes)

VM state:at safepoint (normal execution)

VM Mutex/Monitor currently owned by a thread:  ([mutex/lock_event])
[0x000001d834a23ac0] Threads_lock - owner thread: 0x000001d850278000
[0x000001d834a22320] Heap_lock - owner thread: 0x000001d834a26800

Heap address: 0x00000000c1e00000, size: 994 MB, Compressed Oops mode: 32-bit
Narrow klass base: 0x0000000000000000, Narrow klass shift: 3
Compressed class space size: 1073741824 Address: 0x0000000100000000

Heap:
 garbage-first heap   total 65536K, used 1886K [0x00000000c1e00000, 0x0000000100000000)
  region size 1024K, 3 young (3072K), 1 survivors (1024K)
 Metaspace       used 4994K, capacity 5019K, committed 5120K, reserved 1067008K
  class space    used 422K, capacity 438K, committed 512K, reserved 1048576K
Heap Regions: E=young(eden), S=young(survivor), O=old, HS=humongous(starts), HC=humongous(continues), CS=collection set, F=free, A=archive, TAMS=top-at-mark-start (previous, next)
|   0|0x00000000c1e00000, 0x00000000c1e00000, 0x00000000c1f00000|  0%| F|  |TAMS 0x00000000c1e00000, 0x00000000c1e00000| Untracked 
|   1|0x00000000c1f00000, 0x00000000c1f00000, 0x00000000c2000000|  0%| F|  |TAMS 0x00000000c1f00000, 0x00000000c1f00000| Untracked 
|   2|0x00000000c2000000, 0x00000000c2000000, 0x00000000c2100000|  0%| F|  |TAMS 0x00000000c2000000, 0x00000000c2000000| Untracked 
|   3|0x00000000c2100000, 0x00000000c2100000, 0x00000000c2200000|  0%| F|  |TAMS 0x00000000c2100000, 0x00000000c2100000| Untracked 
|   4|0x00000000c2200000, 0x00000000c2200000, 0x00000000c2300000|  0%| F|  |TAMS 0x00000000c2200000, 0x00000000c2200000| Untracked 
|   5|0x00000000c2300000, 0x00000000c2300000, 0x00000000c2400000|  0%| F|  |TAMS 0x00000000c2300000, 0x00000000c2300000| Untracked 
|   6|0x00000000c2400000, 0x00000000c2400000, 0x00000000c2500000|  0%| F|  |TAMS 0x00000000c2400000, 0x00000000c2400000| Untracked 
|   7|0x00000000c2500000, 0x00000000c2500000, 0x00000000c2600000|  0%| F|  |TAMS 0x00000000c2500000, 0x00000000c2500000| Untracked 
|   8|0x00000000c2600000, 0x00000000c2600000, 0x00000000c2700000|  0%| F|  |TAMS 0x00000000c2600000, 0x00000000c2600000| Untracked 
|   9|0x00000000c2700000, 0x00000000c2700000, 0x00000000c2800000|  0%| F|  |TAMS 0x00000000c2700000, 0x00000000c2700000| Untracked 
|  10|0x00000000c2800000, 0x00000000c2800000, 0x00000000c2900000|  0%| F|  |TAMS 0x00000000c2800000, 0x00000000c2800000| Untracked 
|  11|0x00000000c2900000, 0x00000000c2900000, 0x00000000c2a00000|  0%| F|  |TAMS 0x00000000c2900000, 0x00000000c2900000| Untracked 
|  12|0x00000000c2a00000, 0x00000000c2a00000, 0x00000000c2b00000|  0%| F|  |TAMS 0x00000000c2a00000, 0x00000000c2a00000| Untracked 
|  13|0x00000000c2b00000, 0x00000000c2b00000, 0x00000000c2c00000|  0%| F|  |TAMS 0x00000000c2b00000, 0x00000000c2b00000| Untracked 
|  14|0x00000000c2c00000, 0x00000000c2c00000, 0x00000000c2d00000|  0%| F|  |TAMS 0x00000000c2c00000, 0x00000000c2c00000| Untracked 
|  15|0x00000000c2d00000, 0x00000000c2d00000, 0x00000000c2e00000|  0%| F|  |TAMS 0x00000000c2d00000, 0x00000000c2d00000| Untracked 
|  16|0x00000000c2e00000, 0x00000000c2e00000, 0x00000000c2f00000|  0%| F|  |TAMS 0x00000000c2e00000, 0x00000000c2e00000| Untracked 
|  17|0x00000000c2f00000, 0x00000000c2f00000, 0x00000000c3000000|  0%| F|  |TAMS 0x00000000c2f00000, 0x00000000c2f00000| Untracked 
|  18|0x00000000c3000000, 0x00000000c3000000, 0x00000000c3100000|  0%| F|  |TAMS 0x00000000c3000000, 0x00000000c3000000| Untracked 
|  19|0x00000000c3100000, 0x00000000c3100000, 0x00000000c3200000|  0%| F|  |TAMS 0x00000000c3100000, 0x00000000c3100000| Untracked 
|  20|0x00000000c3200000, 0x00000000c3200000, 0x00000000c3300000|  0%| F|  |TAMS 0x00000000c3200000, 0x00000000c3200000| Untracked 
|  21|0x00000000c3300000, 0x00000000c3300000, 0x00000000c3400000|  0%| F|  |TAMS 0x00000000c3300000, 0x00000000c3300000| Untracked 
|  22|0x00000000c3400000, 0x00000000c3400000, 0x00000000c3500000|  0%| F|  |TAMS 0x00000000c3400000, 0x00000000c3400000| Untracked 
|  23|0x00000000c3500000, 0x00000000c3500000, 0x00000000c3600000|  0%| F|  |TAMS 0x00000000c3500000, 0x00000000c3500000| Untracked 
|  24|0x00000000c3600000, 0x00000000c3600000, 0x00000000c3700000|  0%| F|  |TAMS 0x00000000c3600000, 0x00000000c3600000| Untracked 
|  25|0x00000000c3700000, 0x00000000c3700000, 0x00000000c3800000|  0%| F|  |TAMS 0x00000000c3700000, 0x00000000c3700000| Untracked 
|  26|0x00000000c3800000, 0x00000000c3800000, 0x00000000c3900000|  0%| F|  |TAMS 0x00000000c3800000, 0x00000000c3800000| Untracked 
|  27|0x00000000c3900000, 0x00000000c3900000, 0x00000000c3a00000|  0%| F|  |TAMS 0x00000000c3900000, 0x00000000c3900000| Untracked 
|  28|0x00000000c3a00000, 0x00000000c3a00000, 0x00000000c3b00000|  0%| F|  |TAMS 0x00000000c3a00000, 0x00000000c3a00000| Untracked 
|  29|0x00000000c3b00000, 0x00000000c3b00000, 0x00000000c3c00000|  0%| F|  |TAMS 0x00000000c3b00000, 0x00000000c3b00000| Untracked 
|  30|0x00000000c3c00000, 0x00000000c3c00000, 0x00000000c3d00000|  0%| F|  |TAMS 0x00000000c3c00000, 0x00000000c3c00000| Untracked 
|  31|0x00000000c3d00000, 0x00000000c3d00000, 0x00000000c3e00000|  0%| F|  |TAMS 0x00000000c3d00000, 0x00000000c3d00000| Untracked 
|  32|0x00000000c3e00000, 0x00000000c3e00000, 0x00000000c3f00000|  0%| F|  |TAMS 0x00000000c3e00000, 0x00000000c3e00000| Untracked 
|  33|0x00000000c3f00000, 0x00000000c3f00000, 0x00000000c4000000|  0%| F|  |TAMS 0x00000000c3f00000, 0x00000000c3f00000| Untracked 
|  34|0x00000000c4000000, 0x00000000c4000000, 0x00000000c4100000|  0%| F|  |TAMS 0x00000000c4000000, 0x00000000c4000000| Untracked 
|  35|0x00000000c4100000, 0x00000000c4100000, 0x00000000c4200000|  0%| F|  |TAMS 0x00000000c4100000, 0x00000000c4100000| Untracked 
|  36|0x00000000c4200000, 0x00000000c4200000, 0x00000000c4300000|  0%| F|  |TAMS 0x00000000c4200000, 0x00000000c4200000| Untracked 
|  37|0x00000000c4300000, 0x00000000c4300000, 0x00000000c4400000|  0%| F|  |TAMS 0x00000000c4300000, 0x00000000c4300000| Untracked 
|  38|0x00000000c4400000, 0x00000000c4400000, 0x00000000c4500000|  0%| F|  |TAMS 0x00000000c4400000, 0x00000000c4400000| Untracked 
|  39|0x00000000c4500000, 0x00000000c4500000, 0x00000000c4600000|  0%| F|  |TAMS 0x00000000c4500000, 0x00000000c4500000| Untracked 
|  40|0x00000000c4600000, 0x00000000c4600000, 0x00000000c4700000|  0%| F|  |TAMS 0x00000000c4600000, 0x00000000c4600000| Untracked 
|  41|0x00000000c4700000, 0x00000000c4700000, 0x00000000c4800000|  0%| F|  |TAMS 0x00000000c4700000, 0x00000000c4700000| Untracked 
|  42|0x00000000c4800000, 0x00000000c4800000, 0x00000000c4900000|  0%| F|  |TAMS 0x00000000c4800000, 0x00000000c4800000| Untracked 
|  43|0x00000000c4900000, 0x00000000c4900000, 0x00000000c4a00000|  0%| F|  |TAMS 0x00000000c4900000, 0x00000000c4900000| Untracked 
|  44|0x00000000c4a00000, 0x00000000c4a00000, 0x00000000c4b00000|  0%| F|  |TAMS 0x00000000c4a00000, 0x00000000c4a00000| Untracked 
|  45|0x00000000c4b00000, 0x00000000c4b00000, 0x00000000c4c00000|  0%| F|  |TAMS 0x00000000c4b00000, 0x00000000c4b00000| Untracked 
|  46|0x00000000c4c00000, 0x00000000c4c00000, 0x00000000c4d00000|  0%| F|  |TAMS 0x00000000c4c00000, 0x00000000c4c00000| Untracked 
|  47|0x00000000c4d00000, 0x00000000c4d00000, 0x00000000c4e00000|  0%| F|  |TAMS 0x00000000c4d00000, 0x00000000c4d00000| Untracked 
|  48|0x00000000c4e00000, 0x00000000c4e00000, 0x00000000c4f00000|  0%| F|  |TAMS 0x00000000c4e00000, 0x00000000c4e00000| Untracked 
|  49|0x00000000c4f00000, 0x00000000c4f00000, 0x00000000c5000000|  0%| F|  |TAMS 0x00000000c4f00000, 0x00000000c4f00000| Untracked 
|  50|0x00000000c5000000, 0x00000000c5000000, 0x00000000c5100000|  0%| F|  |TAMS 0x00000000c5000000, 0x00000000c5000000| Untracked 
|  51|0x00000000c5100000, 0x00000000c5100000, 0x00000000c5200000|  0%| F|  |TAMS 0x00000000c5100000, 0x00000000c5100000| Untracked 
|  52|0x00000000c5200000, 0x00000000c5200000, 0x00000000c5300000|  0%| F|  |TAMS 0x00000000c5200000, 0x00000000c5200000| Untracked 
|  53|0x00000000c5300000, 0x00000000c5300000, 0x00000000c5400000|  0%| F|  |TAMS 0x00000000c5300000, 0x00000000c5300000| Untracked 
|  54|0x00000000c5400000, 0x00000000c5400000, 0x00000000c5500000|  0%| F|  |TAMS 0x00000000c5400000, 0x00000000c5400000| Untracked 
|  55|0x00000000c5500000, 0x00000000c5500000, 0x00000000c5600000|  0%| F|  |TAMS 0x00000000c5500000, 0x00000000c5500000| Untracked 
|  56|0x00000000c5600000, 0x00000000c5600000, 0x00000000c5700000|  0%| F|  |TAMS 0x00000000c5600000, 0x00000000c5600000| Untracked 
|  57|0x00000000c5700000, 0x00000000c5700000, 0x00000000c5800000|  0%| F|  |TAMS 0x00000000c5700000, 0x00000000c5700000| Untracked 
|  58|0x00000000c5800000, 0x00000000c5800000, 0x00000000c5900000|  0%| F|  |TAMS 0x00000000c5800000, 0x00000000c5800000| Untracked 
|  59|0x00000000c5900000, 0x00000000c5900000, 0x00000000c5a00000|  0%| F|  |TAMS 0x00000000c5900000, 0x00000000c5900000| Untracked 
|  60|0x00000000c5a00000, 0x00000000c5a00000, 0x00000000c5b00000|  0%| F|  |TAMS 0x00000000c5a00000, 0x00000000c5a00000| Untracked 
|  61|0x00000000c5b00000, 0x00000000c5b292a0, 0x00000000c5c00000| 16%| S|  |TAMS 0x00000000c5b00000, 0x00000000c5b00000| Complete 
|  62|0x00000000c5c00000, 0x00000000c5cd78f0, 0x00000000c5d00000| 84%| E|CS|TAMS 0x00000000c5c00000, 0x00000000c5cd78f0| Complete 
|  63|0x00000000c5d00000, 0x00000000c5e00000, 0x00000000c5e00000|100%| E|CS|TAMS 0x00000000c5d00000, 0x00000000c5e00000| Complete 

Card table byte_map: [0x000001d84b2d0000,0x000001d84b4d0000] _byte_map_base: 0x000001d84acc1000

Marking Bits (Prev, Next): (CMBitMap*) 0x000001d834a526a8, (CMBitMap*) 0x000001d834a526e0
 Prev Bits: [0x000001d84b6d0000, 0x000001d84c658000)
 Next Bits: [0x000001d84c660000, 0x000001d84d5e8000)

Polling page: 0x000001d834200000

Metaspace:

Usage:
  Non-class:      4.47 MB capacity,     4.47 MB (>99%) used,     6.59 KB ( <1%) free+waste,     2.06 KB ( <1%) overhead. 
      Class:    438.00 KB capacity,   422.57 KB ( 96%) used,    14.18 KB (  3%) free+waste,     1.25 KB ( <1%) overhead. 
       Both:      4.90 MB capacity,     4.88 MB (>99%) used,    20.77 KB ( <1%) free+waste,     3.31 KB ( <1%) overhead. 

Virtual space:
  Non-class space:       18.00 MB reserved,       4.50 MB ( 25%) committed 
      Class space:        1.00 GB reserved,     512.00 KB ( <1%) committed 
             Both:        1.02 GB reserved,       5.00 MB ( <1%) committed 

Chunk freelists:
   Non-Class:  3.38 KB
       Class:  1.25 KB
        Both:  4.63 KB

CodeHeap 'non-profiled nmethods': size=120064Kb used=50Kb max_used=50Kb free=120013Kb
 bounds [0x000001d843b90000, 0x000001d843e00000, 0x000001d84b0d0000]
CodeHeap 'profiled nmethods': size=120000Kb used=235Kb max_used=235Kb free=119764Kb
 bounds [0x000001d83c660000, 0x000001d83c8d0000, 0x000001d843b90000]
CodeHeap 'non-nmethods': size=5696Kb used=1022Kb max_used=1031Kb free=4673Kb
 bounds [0x000001d83c0d0000, 0x000001d83c340000, 0x000001d83c660000]
 total_blobs=489 nmethods=198 adapters=203
 compilation: enabled
              stopped_count=0, restarted_count=0
 full_count=0

Compilation events (10 events):
Event: 0.543 Thread 0x000001d850301000  191       3       jdk.internal.module.ModuleBootstrap$2::next (52 bytes)
Event: 0.544 Thread 0x000001d850301000 nmethod 191 0x000001d83c698e90 code [0x000001d83c699080, 0x000001d83c699588]
Event: 0.544 Thread 0x000001d850301000  193       1       java.lang.Module::getDescriptor (5 bytes)
Event: 0.544 Thread 0x000001d850301000 nmethod 193 0x000001d843b9bd10 code [0x000001d843b9bea0, 0x000001d843b9bf58]
Event: 0.551 Thread 0x000001d850301000  195       1       java.net.URL::getFile (5 bytes)
Event: 0.552 Thread 0x000001d850301000 nmethod 195 0x000001d843b9c010 code [0x000001d843b9c1a0, 0x000001d843b9c258]
Event: 0.552 Thread 0x000001d850301000  196       1       java.net.URL::getRef (5 bytes)
Event: 0.552 Thread 0x000001d850301000 nmethod 196 0x000001d843b9c310 code [0x000001d843b9c4a0, 0x000001d843b9c558]
Event: 0.552 Thread 0x000001d850301000  197       1       java.net.URL::getProtocol (5 bytes)
Event: 0.552 Thread 0x000001d850301000 nmethod 197 0x000001d843b9c610 code [0x000001d843b9c7a0, 0x000001d843b9c858]

GC Heap History (0 events):
No events

Deoptimization events (0 events):
No events

Classes redefined (0 events):
No events

Internal exceptions (0 events):
No events

Events (10 events):
Event: 0.552 loading class sun/instrument/InstrumentationImpl
Event: 0.553 loading class java/lang/instrument/Instrumentation
Event: 0.553 loading class java/lang/instrument/Instrumentation done
Event: 0.553 loading class sun/instrument/InstrumentationImpl done
Event: 0.553 loading class java/lang/ClassLoader$2
Event: 0.554 loading class java/lang/ClassLoader$2 done
Event: 0.554 loading class java/lang/ClassLoader$NativeLibrary
Event: 0.554 loading class java/lang/ClassLoader$NativeLibrary done
Event: 0.554 loading class java/lang/ClassLoaderHelper
Event: 0.554 loading class java/lang/ClassLoaderHelper done


Dynamic libraries:
0x00007ff696d10000 - 0x00007ff696d1f000 	C:\Program Files\Java\jdk-11.0.16\bin\java.exe
0x00007ffd38ab0000 - 0x00007ffd38ca8000 	C:\Windows\SYSTEM32\ntdll.dll
0x00007ffd37a40000 - 0x00007ffd37afd000 	C:\Windows\System32\KERNEL32.DLL
0x00007ffd36490000 - 0x00007ffd3675e000 	C:\Windows\System32\KERNELBASE.dll
0x00007ffd36940000 - 0x00007ffd36a40000 	C:\Windows\System32\ucrtbase.dll
0x00007ffd2e910000 - 0x00007ffd2e928000 	C:\Program Files\Java\jdk-11.0.16\bin\jli.dll
0x00007ffd2ea80000 - 0x00007ffd2ea95000 	C:\Program Files\Java\jdk-11.0.16\bin\VCRUNTIME140.dll
0x00007ffd36b10000 - 0x00007ffd36bbe000 	C:\Windows\System32\ADVAPI32.dll
0x00007ffd38000000 - 0x00007ffd3809e000 	C:\Windows\System32\msvcrt.dll
0x00007ffd374d0000 - 0x00007ffd3756c000 	C:\Windows\System32\sechost.dll
0x00007ffd38360000 - 0x00007ffd38485000 	C:\Windows\System32\RPCRT4.dll
0x00007ffd37b00000 - 0x00007ffd37ca0000 	C:\Windows\System32\USER32.dll
0x00007ffd1f2e0000 - 0x00007ffd1f57a000 	C:\Windows\WinSxS\amd64_microsoft.windows.common-controls_6595b64144ccf1df_6.0.19041.1110_none_60b5254171f9507e\COMCTL32.dll
0x00007ffd380a0000 - 0x00007ffd380ca000 	C:\Windows\System32\GDI32.dll
0x00007ffd36a40000 - 0x00007ffd36a62000 	C:\Windows\System32\win32u.dll
0x00007ffd361d0000 - 0x00007ffd362db000 	C:\Windows\System32\gdi32full.dll
0x00007ffd36a70000 - 0x00007ffd36b0d000 	C:\Windows\System32\msvcp_win.dll
0x00007ffd2efa0000 - 0x00007ffd2efaa000 	C:\Windows\SYSTEM32\VERSION.dll
0x00007ffd374a0000 - 0x00007ffd374d0000 	C:\Windows\System32\IMM32.DLL
0x00007ffd210c0000 - 0x00007ffd2115b000 	C:\Program Files\Java\jdk-11.0.16\bin\msvcp140.dll
0x00007ffce6e40000 - 0x00007ffce7958000 	C:\Program Files\Java\jdk-11.0.16\bin\server\jvm.dll
0x00007ffd38130000 - 0x00007ffd38138000 	C:\Windows\System32\PSAPI.DLL
0x00007ffd1fc10000 - 0x00007ffd1fc37000 	C:\Windows\SYSTEM32\WINMM.dll
0x00007ffd338e0000 - 0x00007ffd338e9000 	C:\Windows\SYSTEM32\WSOCK32.dll
0x00007ffd38a00000 - 0x00007ffd38a6b000 	C:\Windows\System32\WS2_32.dll
0x00007ffd34080000 - 0x00007ffd34092000 	C:\Windows\SYSTEM32\kernel.appcore.dll
0x00007ffd30500000 - 0x00007ffd30510000 	C:\Program Files\Java\jdk-11.0.16\bin\verify.dll
0x00007ffd23e60000 - 0x00007ffd24044000 	C:\Windows\SYSTEM32\DBGHELP.DLL
0x00007ffd226b0000 - 0x00007ffd226dc000 	C:\Windows\SYSTEM32\dbgcore.DLL
0x00007ffd36400000 - 0x00007ffd36482000 	C:\Windows\System32\bcryptPrimitives.dll
0x00007ffd2e8e0000 - 0x00007ffd2e908000 	C:\Program Files\Java\jdk-11.0.16\bin\java.dll
0x00007ffd2ead0000 - 0x00007ffd2eada000 	C:\Program Files\Java\jdk-11.0.16\bin\jimage.dll
0x00007ffd30680000 - 0x00007ffd3068e000 	C:\Program Files\Java\jdk-11.0.16\bin\instrument.dll
0x00007ffd2e8c0000 - 0x00007ffd2e8d6000 	C:\Program Files\Java\jdk-11.0.16\bin\zip.dll
0x00007ffd36bc0000 - 0x00007ffd37303000 	C:\Windows\System32\SHELL32.dll
0x00007ffd34280000 - 0x00007ffd34a15000 	C:\Windows\SYSTEM32\windows.storage.dll
0x00007ffd386a0000 - 0x00007ffd389f4000 	C:\Windows\System32\combase.dll
0x00007ffd35a80000 - 0x00007ffd35ab0000 	C:\Windows\SYSTEM32\Wldp.dll
0x00007ffd381c0000 - 0x00007ffd3826d000 	C:\Windows\System32\SHCORE.dll
0x00007ffd380d0000 - 0x00007ffd38125000 	C:\Windows\System32\shlwapi.dll
0x00007ffd36110000 - 0x00007ffd3612f000 	C:\Windows\SYSTEM32\profapi.dll

dbghelp: loaded successfully - version: 4.0.5 - missing functions: none
symbol engine: initialized successfully - sym options: 0x614 - pdb path: .;C:\Program Files\Java\jdk-11.0.16\bin;C:\Windows\SYSTEM32;C:\Windows\WinSxS\amd64_microsoft.windows.common-controls_6595b64144ccf1df_6.0.19041.1110_none_60b5254171f9507e;C:\Program Files\Java\jdk-11.0.16\bin\server

VM Arguments:
jvm_args: -javaagent:C:\Program Files\JetBrains\IntelliJ IDEA Community Edition 2022.2.1\lib\idea_rt.jar=58691:C:\Program Files\JetBrains\IntelliJ IDEA Community Edition 2022.2.1\bin -Dfile.encoding=UTF-8 
java_command: com.tutorial.demo.ecommerce.EcommerceApplication
java_class_path (initial): C:\Users\Josuesilva\Documents\Ecommerce (2)\demo\target\classes;C:\Users\Josuesilva\.m2\repository\org\springframework\boot\spring-boot-starter-data-jpa\2.7.4\spring-boot-starter-data-jpa-2.7.4.jar;C:\Users\Josuesilva\.m2\repository\org\springframework\boot\spring-boot-starter-aop\2.7.4\spring-boot-starter-aop-2.7.4.jar;C:\Users\Josuesilva\.m2\repository\org\aspectj\aspectjweaver\1.9.7\aspectjweaver-1.9.7.jar;C:\Users\Josuesilva\.m2\repository\org\springframework\boot\spring-boot-starter-jdbc\2.7.4\spring-boot-starter-jdbc-2.7.4.jar;C:\Users\Josuesilva\.m2\repository\com\zaxxer\HikariCP\4.0.3\HikariCP-4.0.3.jar;C:\Users\Josuesilva\.m2\repository\org\springframework\spring-jdbc\5.3.23\spring-jdbc-5.3.23.jar;C:\Users\Josuesilva\.m2\repository\jakarta\transaction\jakarta.transaction-api\1.3.3\jakarta.transaction-api-1.3.3.jar;C:\Users\Josuesilva\.m2\repository\jakarta\persistence\jakarta.persistence-api\2.2.3\jakarta.persistence-api-2.2.3.jar;C:\Users\Josuesilva\.m2\repository\org\hibernate\hibernate-core\5.6.11.Final\hibernate-core-5.6.11.Final.jar;C:\Users\Josuesilva\.m2\repository\org\jboss\logging\jboss-logging\3.4.3.Final\jboss-logging-3.4.3.Final.jar;C:\Users\Josuesilva\.m2\repository\net\bytebuddy\byte-buddy\1.12.17\byte-buddy-1.12.17.jar;C:\Users\Josuesilva\.m2\repository\antlr\antlr\2.7.7\antlr-2.7.7.jar;C:\Users\Josuesilva\.m2\repository\org\jboss\jandex\2.4.2.Final\jandex-2.4.2.Final.jar;C:\Users\Josuesilva\.m2\repository\org\hibernate\common\hibernate-commons-annotations\5.1.2.Final\hibernate-commons-annotations-5.1.2.Final.jar;C:\Users\Josuesilva\.m2\repository\org\glassfish\jaxb\jaxb-runtime\2.3.6\jaxb-runtime-2.3.6.jar;C:\Users\Josuesilva\.m2\repository\org\glassfish\jaxb\txw2\2.3.6\txw2-2.3.6.jar;C:\Users\Josuesilva\.m2\repository\com\sun\istack\istack-commons-runtime\3.0.12\istack-commons-runtime-3.0.12.jar;C:\Users\Josuesilva\.m2\repository\com\sun\activation\jakarta.activation\1.2.2\jakarta.activation-1.2.2.jar;C:\Users\J
Launcher Type: SUN_STANDARD

[Global flags]
     intx CICompilerCount                          = 3                                         {product} {ergonomic}
     uint ConcGCThreads                            = 1                                         {product} {ergonomic}
     uint G1ConcRefinementThreads                  = 4                                         {product} {ergonomic}
   size_t G1HeapRegionSize                         = 1048576                                   {product} {ergonomic}
    uintx GCDrainStackTargetSize                   = 64                                        {product} {ergonomic}
   size_t InitialHeapSize                          = 67108864                                  {product} {ergonomic}
   size_t MarkStackSize                            = 4194304                                   {product} {ergonomic}
   size_t MaxHeapSize                              = 1042284544                                {product} {ergonomic}
   size_t MaxNewSize                               = 624951296                                 {product} {ergonomic}
   size_t MinHeapDeltaBytes                        = 1048576                                   {product} {ergonomic}
    uintx NonNMethodCodeHeapSize                   = 5830732                                {pd product} {ergonomic}
    uintx NonProfiledCodeHeapSize                  = 122913754                              {pd product} {ergonomic}
    uintx ProfiledCodeHeapSize                     = 122913754                              {pd product} {ergonomic}
    uintx ReservedCodeCacheSize                    = 251658240                              {pd product} {ergonomic}
     bool SegmentedCodeCache                       = true                                      {product} {ergonomic}
     bool UseCompressedClassPointers               = true                                 {lp64_product} {ergonomic}
     bool UseCompressedOops                        = true                                 {lp64_product} {ergonomic}
     bool UseG1GC                                  = true                                      {product} {ergonomic}
     bool UseLargePagesIndividualAllocation        = false                                  {pd product} {ergonomic}

Logging:
Log output configuration:
 #0: stdout all=warning uptime,level,tags
 #1: stderr all=off uptime,level,tags

Environment Variables:
JAVA_HOME=C:\Program Files\Java\jdk-11.0.16
PATH=C:\Program Files\Microsoft\jdk-11.0.12.7-hotspot\bin;C:\Program Files\Common Files\Oracle\Java\javapath;C:\Windows\system32;C:\Windows;C:\Windows\System32\Wbem;C:\Windows\System32\WindowsPowerShell\v1.0\;C:\Windows\System32\OpenSSH\;C:\Program Files\nodejs\;C:\ProgramData\chocolatey\bin;C:\Program Files\Git\cmd;C:\Program Files\Java\jdk-11.0.16;C:\Program Files\Microsoft SQL Server\150\Tools\Binn\;C:\Program Files\Microsoft SQL Server\Client SDK\ODBC\170\Tools\Binn\;C:\Program Files\dotnet\;C:\xampp\php;C:\composer;C:\Program Files\Maven\bin;C:\Program Files\Docker\Docker\resources\bin;C:\ProgramData\DockerDesktop\version-bin;C:\Program Files\Java\jdk-11.0.16\bin;C:\Program Files\MySQL\MySQL Shell 8.0\bin\;C:\Users\Josuesilva\AppData\Local\Microsoft\WindowsApps;C:\Users\Josuesilva\AppData\Local\Programs\Microsoft VS Code\bin;C:\Program Files\JetBrains\IntelliJ IDEA Community Edition 2022.2.1\bin;;C:\Users\Josuesilva\AppData\Roaming\npm;C:\apache-maven-3.8.6\bin;C:\Users\Josuesilva\.dotnet\tools;C:\Users\Josuesilva\AppData\Roaming\Composer\vendor\bin
USERNAME=Josuesilva
OS=Windows_NT
PROCESSOR_IDENTIFIER=Intel64 Family 6 Model 78 Stepping 3, GenuineIntel



---------------  S Y S T E M  ---------------

OS: Windows 10 , 64 bit Build 19041 (10.0.19041.1889)
Hyper-V role detected

CPU:total 4 (initial active 4) (2 cores per cpu, 2 threads per core) family 6 model 78 stepping 3 microcode 0xcc, cmov, cx8, fxsr, mmx, sse, sse2, sse3, ssse3, sse4.1, sse4.2, popcnt, avx, avx2, aes, clmul, erms, 3dnowpref, lzcnt, ht, tsc, tscinvbit, bmi1, bmi2, adx, fma

Memory: 4k page, system-wide physical 3970M (281M free)
TotalPageFile size 16258M (AvailPageFile size 0M)
current process WorkingSet (physical memory assigned to process): 30M, peak: 30M
current process commit charge ("private bytes"): 129M, peak: 129M

vm_info: Java HotSpot(TM) 64-Bit Server VM (11.0.16+11-LTS-199) for windows-amd64 JRE (11.0.16+11-LTS-199), built on Jun 28 2022 08:23:17 by "mach5one" with MS VC++ 15.9 (VS2017)

END.
